<?xml version="1.0" encoding="UTF-8"?>
<!-- Generated by org.testng.reporters.JUnitReportReporter -->
<testsuite hostname="DESKTOP-A3TOG05" failures="0" tests="2" name="test.Testclass" time="76.916" errors="0" timestamp="2024-02-09T18:03:11 IST" skipped="0">
  <testcase classname="test.Testclass" name="hometest" time="42.148"/>
  <system-out/>
  <testcase classname="test.Testclass" name="registrationtest" time="34.768"/>
  <system-out/>
</testsuite> <!-- test.Testclass -->
